# JRE version: Java(TM) SE Runtime Environment (8.0_66-b18) (build 1.8.0_66-b18)
# Java VM: Java HotSpot(TM) 64-Bit Server VM (25.66-b18 mixed mode windows-amd64 compressed oops)
Heap:
 PSYoungGen      total 32768K, used 4253K [0x00000000f5580000, 0x00000000f7980000, 0x0000000100000000)
  eden space 29696K, 4% used [0x00000000f5580000,0x00000000f56c1388,0x00000000f7280000)
  from space 3072K, 96% used [0x00000000f7600000,0x00000000f78e6188,0x00000000f7900000)
  to   space 3584K, 0% used [0x00000000f7280000,0x00000000f7280000,0x00000000f7600000)
 ParOldGen       total 93696K, used 77187K [0x00000000e0000000, 0x00000000e5b80000, 0x00000000f5580000)
  object space 93696K, 82% used [0x00000000e0000000,0x00000000e4b60cb8,0x00000000e5b80000)
 Metaspace       used 86372K, capacity 93546K, committed 93736K, reserved 1130496K
  class space    used 10403K, capacity 12728K, committed 12848K, reserved 1048576K
GC Heap History (10 events):
Event: 1097.943 GC heap before
{Heap before GC invocations=254 (full 4):
 PSYoungGen      total 31232K, used 30051K [0x00000000f5580000, 0x00000000f7800000, 0x0000000100000000)
  eden space 28672K, 98% used [0x00000000f5580000,0x00000000f7132cc8,0x00000000f7180000)
  from space 2560K, 65% used [0x00000000f7180000,0x00000000f7326090,0x00000000f7400000)
  to   space 2560K, 0% used [0x00000000f7580000,0x00000000f7580000,0x00000000f7800000)
 ParOldGen       total 93696K, used 77099K [0x00000000e0000000, 0x00000000e5b80000, 0x00000000f5580000)
  object space 93696K, 82% used [0x00000000e0000000,0x00000000e4b4acb8,0x00000000e5b80000)
 Metaspace       used 85531K, capacity 92912K, committed 92968K, reserved 1130496K
  class space    used 10316K, capacity 12561K, committed 12592K, reserved 1048576K
Event: 1097.948 GC heap after
Heap after GC invocations=254 (full 4):
 PSYoungGen      total 32256K, used 2541K [0x00000000f5580000, 0x00000000f7900000, 0x0000000100000000)
  eden space 29696K, 0% used [0x00000000f5580000,0x00000000f5580000,0x00000000f7280000)
  from space 2560K, 99% used [0x00000000f7580000,0x00000000f77fb5e8,0x00000000f7800000)
  to   space 3072K, 0% used [0x00000000f7280000,0x00000000f7280000,0x00000000f7580000)
 ParOldGen       total 93696K, used 77147K [0x00000000e0000000, 0x00000000e5b80000, 0x00000000f5580000)
  object space 93696K, 82% used [0x00000000e0000000,0x00000000e4b56cb8,0x00000000e5b80000)
 Metaspace       used 85531K, capacity 92912K, committed 92968K, reserved 1130496K
  class space    used 10316K, capacity 12561K, committed 12592K, reserved 1048576K
}
Event: 1098.999 GC heap before
{Heap before GC invocations=255 (full 4):
 PSYoungGen      total 32256K, used 32223K [0x00000000f5580000, 0x00000000f7900000, 0x0000000100000000)
  eden space 29696K, 99% used [0x00000000f5580000,0x00000000f727c8d8,0x00000000f7280000)
  from space 2560K, 99% used [0x00000000f7580000,0x00000000f77fb5e8,0x00000000f7800000)
  to   space 3072K, 0% used [0x00000000f7280000,0x00000000f7280000,0x00000000f7580000)
 ParOldGen       total 93696K, used 77147K [0x00000000e0000000, 0x00000000e5b80000, 0x00000000f5580000)
  object space 93696K, 82% used [0x00000000e0000000,0x00000000e4b56cb8,0x00000000e5b80000)
 Metaspace       used 85550K, capacity 92914K, committed 92968K, reserved 1130496K
  class space    used 10319K, capacity 12563K, committed 12592K, reserved 1048576K
Event: 1099.003 GC heap after
Heap after GC invocations=255 (full 4):
 PSYoungGen      total 32768K, used 2638K [0x00000000f5580000, 0x00000000f7980000, 0x0000000100000000)
  eden space 29696K, 0% used [0x00000000f5580000,0x00000000f5580000,0x00000000f7280000)
  from space 3072K, 85% used [0x00000000f7280000,0x00000000f7513a90,0x00000000f7580000)
  to   space 3072K, 0% used [0x00000000f7680000,0x00000000f7680000,0x00000000f7980000)
 ParOldGen       total 93696K, used 77171K [0x00000000e0000000, 0x00000000e5b80000, 0x00000000f5580000)
  object space 93696K, 82% used [0x00000000e0000000,0x00000000e4b5ccb8,0x00000000e5b80000)
 Metaspace       used 85550K, capacity 92914K, committed 92968K, reserved 1130496K
  class space    used 10319K, capacity 12563K, committed 12592K, reserved 1048576K
}
Event: 1134.038 GC heap before
{Heap before GC invocations=256 (full 4):
 PSYoungGen      total 32768K, used 32277K [0x00000000f5580000, 0x00000000f7980000, 0x0000000100000000)
  eden space 29696K, 99% used [0x00000000f5580000,0x00000000f72719f8,0x00000000f7280000)
  from space 3072K, 85% used [0x00000000f7280000,0x00000000f7513a90,0x00000000f7580000)
  to   space 3072K, 0% used [0x00000000f7680000,0x00000000f7680000,0x00000000f7980000)
 ParOldGen       total 93696K, used 77171K [0x00000000e0000000, 0x00000000e5b80000, 0x00000000f5580000)
  object space 93696K, 82% used [0x00000000e0000000,0x00000000e4b5ccb8,0x00000000e5b80000)
 Metaspace       used 85636K, capacity 93018K, committed 93352K, reserved 1130496K
  class space    used 10324K, capacity 12598K, committed 12720K, reserved 1048576K
Event: 1134.042 GC heap after
Heap after GC invocations=256 (full 4):
 PSYoungGen      total 33792K, used 2759K [0x00000000f5580000, 0x00000000f7980000, 0x0000000100000000)
  eden space 30720K, 0% used [0x00000000f5580000,0x00000000f5580000,0x00000000f7380000)
  from space 3072K, 89% used [0x00000000f7680000,0x00000000f7931da8,0x00000000f7980000)
  to   space 3072K, 0% used [0x00000000f7380000,0x00000000f7380000,0x00000000f7680000)
 ParOldGen       total 93696K, used 77171K [0x00000000e0000000, 0x00000000e5b80000, 0x00000000f5580000)
  object space 93696K, 82% used [0x00000000e0000000,0x00000000e4b5ccb8,0x00000000e5b80000)
 Metaspace       used 85636K, capacity 93018K, committed 93352K, reserved 1130496K
  class space    used 10324K, capacity 12598K, committed 12720K, reserved 1048576K
}
Event: 1183.824 GC heap before
{Heap before GC invocations=257 (full 4):
 PSYoungGen      total 33792K, used 33479K [0x00000000f5580000, 0x00000000f7980000, 0x0000000100000000)
  eden space 30720K, 100% used [0x00000000f5580000,0x00000000f7380000,0x00000000f7380000)
  from space 3072K, 89% used [0x00000000f7680000,0x00000000f7931da8,0x00000000f7980000)
  to   space 3072K, 0% used [0x00000000f7380000,0x00000000f7380000,0x00000000f7680000)
 ParOldGen       total 93696K, used 77171K [0x00000000e0000000, 0x00000000e5b80000, 0x00000000f5580000)
  object space 93696K, 82% used [0x00000000e0000000,0x00000000e4b5ccb8,0x00000000e5b80000)
 Metaspace       used 85765K, capacity 93050K, committed 93352K, reserved 1130496K
  class space    used 10344K, capacity 12630K, committed 12720K, reserved 1048576K
Event: 1183.828 GC heap after
Heap after GC invocations=257 (full 4):
 PSYoungGen      total 32768K, used 2262K [0x00000000f5580000, 0x00000000f7900000, 0x0000000100000000)
  eden space 30208K, 0% used [0x00000000f5580000,0x00000000f5580000,0x00000000f7300000)
  from space 2560K, 88% used [0x00000000f7380000,0x00000000f75b59d0,0x00000000f7600000)
  to   space 3072K, 0% used [0x00000000f7600000,0x00000000f7600000,0x00000000f7900000)
 ParOldGen       total 93696K, used 77179K [0x00000000e0000000, 0x00000000e5b80000, 0x00000000f5580000)
  object space 93696K, 82% used [0x00000000e0000000,0x00000000e4b5ecb8,0x00000000e5b80000)
 Metaspace       used 85765K, capacity 93050K, committed 93352K, reserved 1130496K
  class space    used 10344K, capacity 12630K, committed 12720K, reserved 1048576K
}
Event: 1185.678 GC heap before
{Heap before GC invocations=258 (full 4):
 PSYoungGen      total 32768K, used 32470K [0x00000000f5580000, 0x00000000f7900000, 0x0000000100000000)
  eden space 30208K, 100% used [0x00000000f5580000,0x00000000f7300000,0x00000000f7300000)
  from space 2560K, 88% used [0x00000000f7380000,0x00000000f75b59d0,0x00000000f7600000)
  to   space 3072K, 0% used [0x00000000f7600000,0x00000000f7600000,0x00000000f7900000)
 ParOldGen       total 93696K, used 77179K [0x00000000e0000000, 0x00000000e5b80000, 0x00000000f5580000)
  object space 93696K, 82% used [0x00000000e0000000,0x00000000e4b5ecb8,0x00000000e5b80000)
 Metaspace       used 86348K, capacity 93546K, committed 93736K, reserved 1130496K
  class space    used 10402K, capacity 12728K, committed 12848K, reserved 1048576K
Event: 1185.684 GC heap after
Heap after GC invocations=258 (full 4):
 PSYoungGen      total 32768K, used 2968K [0x00000000f5580000, 0x00000000f7980000, 0x0000000100000000)
  eden space 29696K, 0% used [0x00000000f5580000,0x00000000f5580000,0x00000000f7280000)
  from space 3072K, 96% used [0x00000000f7600000,0x00000000f78e6188,0x00000000f7900000)
  to   space 3584K, 0% used [0x00000000f7280000,0x00000000f7280000,0x00000000f7600000)
 ParOldGen       total 93696K, used 77187K [0x00000000e0000000, 0x00000000e5b80000, 0x00000000f5580000)
  object space 93696K, 82% used [0x00000000e0000000,0x00000000e4b60cb8,0x00000000e5b80000)
 Metaspace       used 86348K, capacity 93546K, committed 93736K, reserved 1130496K
  class space    used 10402K, capacity 12728K, committed 12848K, reserved 1048576K
}

