# JRE version: Java(TM) SE Runtime Environment (8.0_66-b18) (build 1.8.0_66-b18)
# Java VM: Java HotSpot(TM) 64-Bit Server VM (25.66-b18 mixed mode windows-amd64 compressed oops)
Heap:
 PSYoungGen      total 86016K, used 13777K [0x00000000f5580000, 0x00000000fb880000, 0x0000000100000000)
  eden space 80896K, 11% used [0x00000000f5580000,0x00000000f5e53c60,0x00000000fa480000)
  from space 5120K, 92% used [0x00000000fa680000,0x00000000fab20a20,0x00000000fab80000)
  to   space 10240K, 0% used [0x00000000fae80000,0x00000000fae80000,0x00000000fb880000)
 ParOldGen       total 117248K, used 52106K [0x00000000e0000000, 0x00000000e7280000, 0x00000000f5580000)
  object space 117248K, 44% used [0x00000000e0000000,0x00000000e32e28a0,0x00000000e7280000)
 Metaspace       used 86977K, capacity 94442K, committed 94632K, reserved 1130496K
  class space    used 10522K, capacity 12870K, committed 12976K, reserved 1048576K
GC Heap History (10 events):
Event: 1837.100 GC heap before
{Heap before GC invocations=69 (full 30):
 PSYoungGen      total 78848K, used 2176K [0x00000000f5580000, 0x00000000fb500000, 0x0000000100000000)
  eden space 76288K, 0% used [0x00000000f5580000,0x00000000f5580000,0x00000000fa000000)
  from space 2560K, 85% used [0x00000000fa000000,0x00000000fa220010,0x00000000fa280000)
  to   space 10752K, 0% used [0x00000000faa80000,0x00000000faa80000,0x00000000fb500000)
 ParOldGen       total 117248K, used 51555K [0x00000000e0000000, 0x00000000e7280000, 0x00000000f5580000)
  object space 117248K, 43% used [0x00000000e0000000,0x00000000e3258d30,0x00000000e7280000)
 Metaspace       used 83383K, capacity 90530K, committed 90664K, reserved 1128448K
  class space    used 10156K, capacity 12304K, committed 12336K, reserved 1048576K
Event: 1837.318 GC heap after
Heap after GC invocations=69 (full 30):
 PSYoungGen      total 78848K, used 0K [0x00000000f5580000, 0x00000000fb500000, 0x0000000100000000)
  eden space 76288K, 0% used [0x00000000f5580000,0x00000000f5580000,0x00000000fa000000)
  from space 2560K, 0% used [0x00000000fa000000,0x00000000fa000000,0x00000000fa280000)
  to   space 10752K, 0% used [0x00000000faa80000,0x00000000faa80000,0x00000000fb500000)
 ParOldGen       total 117248K, used 52074K [0x00000000e0000000, 0x00000000e7280000, 0x00000000f5580000)
  object space 117248K, 44% used [0x00000000e0000000,0x00000000e32da8a0,0x00000000e7280000)
 Metaspace       used 83383K, capacity 90530K, committed 90664K, reserved 1128448K
  class space    used 10156K, capacity 12304K, committed 12336K, reserved 1048576K
}
Event: 1884.684 GC heap before
{Heap before GC invocations=70 (full 30):
 PSYoungGen      total 78848K, used 76288K [0x00000000f5580000, 0x00000000fb500000, 0x0000000100000000)
  eden space 76288K, 100% used [0x00000000f5580000,0x00000000fa000000,0x00000000fa000000)
  from space 2560K, 0% used [0x00000000fa000000,0x00000000fa000000,0x00000000fa280000)
  to   space 10752K, 0% used [0x00000000faa80000,0x00000000faa80000,0x00000000fb500000)
 ParOldGen       total 117248K, used 52074K [0x00000000e0000000, 0x00000000e7280000, 0x00000000f5580000)
  object space 117248K, 44% used [0x00000000e0000000,0x00000000e32da8a0,0x00000000e7280000)
 Metaspace       used 84465K, capacity 91668K, committed 91816K, reserved 1128448K
  class space    used 10262K, capacity 12421K, committed 12464K, reserved 1048576K
Event: 1884.690 GC heap after
Heap after GC invocations=70 (full 30):
 PSYoungGen      total 87552K, used 3505K [0x00000000f5580000, 0x00000000fbd80000, 0x0000000100000000)
  eden space 76800K, 0% used [0x00000000f5580000,0x00000000f5580000,0x00000000fa080000)
  from space 10752K, 32% used [0x00000000faa80000,0x00000000fadec7b0,0x00000000fb500000)
  to   space 10240K, 0% used [0x00000000fa080000,0x00000000fa080000,0x00000000faa80000)
 ParOldGen       total 117248K, used 52082K [0x00000000e0000000, 0x00000000e7280000, 0x00000000f5580000)
  object space 117248K, 44% used [0x00000000e0000000,0x00000000e32dc8a0,0x00000000e7280000)
 Metaspace       used 84465K, capacity 91668K, committed 91816K, reserved 1128448K
  class space    used 10262K, capacity 12421K, committed 12464K, reserved 1048576K
}
Event: 1946.623 GC heap before
{Heap before GC invocations=71 (full 30):
 PSYoungGen      total 87552K, used 80305K [0x00000000f5580000, 0x00000000fbd80000, 0x0000000100000000)
  eden space 76800K, 100% used [0x00000000f5580000,0x00000000fa080000,0x00000000fa080000)
  from space 10752K, 32% used [0x00000000faa80000,0x00000000fadec7b0,0x00000000fb500000)
  to   space 10240K, 0% used [0x00000000fa080000,0x00000000fa080000,0x00000000faa80000)
 ParOldGen       total 117248K, used 52082K [0x00000000e0000000, 0x00000000e7280000, 0x00000000f5580000)
  object space 117248K, 44% used [0x00000000e0000000,0x00000000e32dc8a0,0x00000000e7280000)
 Metaspace       used 85689K, capacity 93182K, committed 93352K, reserved 1130496K
  class space    used 10402K, capacity 12604K, committed 12720K, reserved 1048576K
Event: 1946.629 GC heap after
Heap after GC invocations=71 (full 30):
 PSYoungGen      total 87040K, used 4225K [0x00000000f5580000, 0x00000000fbc80000, 0x0000000100000000)
  eden space 76800K, 0% used [0x00000000f5580000,0x00000000f5580000,0x00000000fa080000)
  from space 10240K, 41% used [0x00000000fa080000,0x00000000fa4a0660,0x00000000faa80000)
  to   space 10240K, 0% used [0x00000000fb280000,0x00000000fb280000,0x00000000fbc80000)
 ParOldGen       total 117248K, used 52090K [0x00000000e0000000, 0x00000000e7280000, 0x00000000f5580000)
  object space 117248K, 44% used [0x00000000e0000000,0x00000000e32de8a0,0x00000000e7280000)
 Metaspace       used 85689K, capacity 93182K, committed 93352K, reserved 1130496K
  class space    used 10402K, capacity 12604K, committed 12720K, reserved 1048576K
}
Event: 1964.767 GC heap before
{Heap before GC invocations=72 (full 30):
 PSYoungGen      total 87040K, used 80993K [0x00000000f5580000, 0x00000000fbc80000, 0x0000000100000000)
  eden space 76800K, 99% used [0x00000000f5580000,0x00000000fa077dd0,0x00000000fa080000)
  from space 10240K, 41% used [0x00000000fa080000,0x00000000fa4a0660,0x00000000faa80000)
  to   space 10240K, 0% used [0x00000000fb280000,0x00000000fb280000,0x00000000fbc80000)
 ParOldGen       total 117248K, used 52090K [0x00000000e0000000, 0x00000000e7280000, 0x00000000f5580000)
  object space 117248K, 44% used [0x00000000e0000000,0x00000000e32de8a0,0x00000000e7280000)
 Metaspace       used 85866K, capacity 93278K, committed 93608K, reserved 1130496K
  class space    used 10405K, capacity 12636K, committed 12720K, reserved 1048576K
Event: 1964.772 GC heap after
Heap after GC invocations=72 (full 30):
 PSYoungGen      total 91136K, used 4438K [0x00000000f5580000, 0x00000000fba80000, 0x0000000100000000)
  eden space 82944K, 0% used [0x00000000f5580000,0x00000000f5580000,0x00000000fa680000)
  from space 8192K, 54% used [0x00000000fb280000,0x00000000fb6d5bf0,0x00000000fba80000)
  to   space 10240K, 0% used [0x00000000fa680000,0x00000000fa680000,0x00000000fb080000)
 ParOldGen       total 117248K, used 52098K [0x00000000e0000000, 0x00000000e7280000, 0x00000000f5580000)
  object space 117248K, 44% used [0x00000000e0000000,0x00000000e32e08a0,0x00000000e7280000)
 Metaspace       used 85866K, capacity 93278K, committed 93608K, reserved 1130496K
  class space    used 10405K, capacity 12636K, committed 12720K, reserved 1048576K
}
Event: 2072.107 GC heap before
{Heap before GC invocations=73 (full 30):
 PSYoungGen      total 91136K, used 87382K [0x00000000f5580000, 0x00000000fba80000, 0x0000000100000000)
  eden space 82944K, 100% used [0x00000000f5580000,0x00000000fa680000,0x00000000fa680000)
  from space 8192K, 54% used [0x00000000fb280000,0x00000000fb6d5bf0,0x00000000fba80000)
  to   space 10240K, 0% used [0x00000000fa680000,0x00000000fa680000,0x00000000fb080000)
 ParOldGen       total 117248K, used 52098K [0x00000000e0000000, 0x00000000e7280000, 0x00000000f5580000)
  object space 117248K, 44% used [0x00000000e0000000,0x00000000e32e08a0,0x00000000e7280000)
 Metaspace       used 86650K, capacity 94208K, committed 94248K, reserved 1130496K
  class space    used 10487K, capacity 12837K, committed 12848K, reserved 1048576K
Event: 2072.115 GC heap after
Heap after GC invocations=73 (full 30):
 PSYoungGen      total 86016K, used 4738K [0x00000000f5580000, 0x00000000fb880000, 0x0000000100000000)
  eden space 80896K, 0% used [0x00000000f5580000,0x00000000f5580000,0x00000000fa480000)
  from space 5120K, 92% used [0x00000000fa680000,0x00000000fab20a20,0x00000000fab80000)
  to   space 10240K, 0% used [0x00000000fae80000,0x00000000fae80000,0x00000000fb880000)
 ParOldGen       total 117248K, used 52106K [0x00000000e0000000, 0x00000000e7280000, 0x00000000f5580000)
  object space 117248K, 44% used [0x00000000e0000000,0x00000000e32e28a0,0x00000000e7280000)
 Metaspace       used 86650K, capacity 94208K, committed 94248K, reserved 1130496K
  class space    used 10487K, capacity 12837K, committed 12848K, reserved 1048576K
}

