# JRE version: Java(TM) SE Runtime Environment (8.0_66-b18) (build 1.8.0_66-b18)
# Java VM: Java HotSpot(TM) 64-Bit Server VM (25.66-b18 mixed mode windows-amd64 compressed oops)
Heap:
 PSYoungGen      total 98304K, used 44309K [0x00000000f5580000, 0x0000000100000000, 0x0000000100000000)
  eden space 97792K, 45% used [0x00000000f5580000,0x00000000f80c5598,0x00000000fb500000)
  from space 512K, 0% used [0x00000000fb500000,0x00000000fb500000,0x00000000fb580000)
  to   space 38912K, 0% used [0x00000000fda00000,0x00000000fda00000,0x0000000100000000)
 ParOldGen       total 103936K, used 57592K [0x00000000e0000000, 0x00000000e6580000, 0x00000000f5580000)
  object space 103936K, 55% used [0x00000000e0000000,0x00000000e383e368,0x00000000e6580000)
 Metaspace       used 84055K, capacity 90164K, committed 90456K, reserved 1128448K
  class space    used 9929K, capacity 12034K, committed 12160K, reserved 1048576K
GC Heap History (10 events):
Event: 151.143 GC heap before
{Heap before GC invocations=26 (full 5):
 PSYoungGen      total 102400K, used 160K [0x00000000f5580000, 0x0000000100000000, 0x0000000100000000)
  eden space 101888K, 0% used [0x00000000f5580000,0x00000000f5580000,0x00000000fb900000)
  from space 512K, 31% used [0x00000000fb900000,0x00000000fb928000,0x00000000fb980000)
  to   space 37888K, 0% used [0x00000000fdb00000,0x00000000fdb00000,0x0000000100000000)
 ParOldGen       total 103936K, used 57982K [0x00000000e0000000, 0x00000000e6580000, 0x00000000f5580000)
  object space 103936K, 55% used [0x00000000e0000000,0x00000000e389fb00,0x00000000e6580000)
 Metaspace       used 82784K, capacity 89028K, committed 89176K, reserved 1126400K
  class space    used 9808K, capacity 11807K, committed 11904K, reserved 1048576K
Event: 151.384 GC heap after
Heap after GC invocations=26 (full 5):
 PSYoungGen      total 102400K, used 0K [0x00000000f5580000, 0x0000000100000000, 0x0000000100000000)
  eden space 101888K, 0% used [0x00000000f5580000,0x00000000f5580000,0x00000000fb900000)
  from space 512K, 0% used [0x00000000fb900000,0x00000000fb900000,0x00000000fb980000)
  to   space 37888K, 0% used [0x00000000fdb00000,0x00000000fdb00000,0x0000000100000000)
 ParOldGen       total 103936K, used 57519K [0x00000000e0000000, 0x00000000e6580000, 0x00000000f5580000)
  object space 103936K, 55% used [0x00000000e0000000,0x00000000e382bc68,0x00000000e6580000)
 Metaspace       used 82784K, capacity 89028K, committed 89176K, reserved 1126400K
  class space    used 9808K, capacity 11807K, committed 11904K, reserved 1048576K
}
Event: 211.145 GC heap before
{Heap before GC invocations=27 (full 5):
 PSYoungGen      total 102400K, used 3048K [0x00000000f5580000, 0x0000000100000000, 0x0000000100000000)
  eden space 101888K, 2% used [0x00000000f5580000,0x00000000f587a3a0,0x00000000fb900000)
  from space 512K, 0% used [0x00000000fb900000,0x00000000fb900000,0x00000000fb980000)
  to   space 37888K, 0% used [0x00000000fdb00000,0x00000000fdb00000,0x0000000100000000)
 ParOldGen       total 103936K, used 57519K [0x00000000e0000000, 0x00000000e6580000, 0x00000000f5580000)
  object space 103936K, 55% used [0x00000000e0000000,0x00000000e382bc68,0x00000000e6580000)
 Metaspace       used 82801K, capacity 89092K, committed 89432K, reserved 1126400K
  class space    used 9808K, capacity 11807K, committed 11904K, reserved 1048576K
Event: 211.152 GC heap after
Heap after GC invocations=27 (full 5):
 PSYoungGen      total 135680K, used 192K [0x00000000f5580000, 0x0000000100000000, 0x0000000100000000)
  eden space 97792K, 0% used [0x00000000f5580000,0x00000000f5580000,0x00000000fb500000)
  from space 37888K, 0% used [0x00000000fdb00000,0x00000000fdb30000,0x0000000100000000)
  to   space 38400K, 0% used [0x00000000fb500000,0x00000000fb500000,0x00000000fda80000)
 ParOldGen       total 103936K, used 57527K [0x00000000e0000000, 0x00000000e6580000, 0x00000000f5580000)
  object space 103936K, 55% used [0x00000000e0000000,0x00000000e382dc68,0x00000000e6580000)
 Metaspace       used 82801K, capacity 89092K, committed 89432K, reserved 1126400K
  class space    used 9808K, capacity 11807K, committed 11904K, reserved 1048576K
}
Event: 211.152 GC heap before
{Heap before GC invocations=28 (full 6):
 PSYoungGen      total 135680K, used 192K [0x00000000f5580000, 0x0000000100000000, 0x0000000100000000)
  eden space 97792K, 0% used [0x00000000f5580000,0x00000000f5580000,0x00000000fb500000)
  from space 37888K, 0% used [0x00000000fdb00000,0x00000000fdb30000,0x0000000100000000)
  to   space 38400K, 0% used [0x00000000fb500000,0x00000000fb500000,0x00000000fda80000)
 ParOldGen       total 103936K, used 57527K [0x00000000e0000000, 0x00000000e6580000, 0x00000000f5580000)
  object space 103936K, 55% used [0x00000000e0000000,0x00000000e382dc68,0x00000000e6580000)
 Metaspace       used 82801K, capacity 89092K, committed 89432K, reserved 1126400K
  class space    used 9808K, capacity 11807K, committed 11904K, reserved 1048576K
Event: 211.289 GC heap after
Heap after GC invocations=28 (full 6):
 PSYoungGen      total 135680K, used 0K [0x00000000f5580000, 0x0000000100000000, 0x0000000100000000)
  eden space 97792K, 0% used [0x00000000f5580000,0x00000000f5580000,0x00000000fb500000)
  from space 37888K, 0% used [0x00000000fdb00000,0x00000000fdb00000,0x0000000100000000)
  to   space 38400K, 0% used [0x00000000fb500000,0x00000000fb500000,0x00000000fda80000)
 ParOldGen       total 103936K, used 57490K [0x00000000e0000000, 0x00000000e6580000, 0x00000000f5580000)
  object space 103936K, 55% used [0x00000000e0000000,0x00000000e3824840,0x00000000e6580000)
 Metaspace       used 82801K, capacity 89092K, committed 89432K, reserved 1126400K
  class space    used 9808K, capacity 11807K, committed 11904K, reserved 1048576K
}
Event: 271.155 GC heap before
{Heap before GC invocations=29 (full 6):
 PSYoungGen      total 135680K, used 8139K [0x00000000f5580000, 0x0000000100000000, 0x0000000100000000)
  eden space 97792K, 8% used [0x00000000f5580000,0x00000000f5d72c38,0x00000000fb500000)
  from space 37888K, 0% used [0x00000000fdb00000,0x00000000fdb00000,0x0000000100000000)
  to   space 38400K, 0% used [0x00000000fb500000,0x00000000fb500000,0x00000000fda80000)
 ParOldGen       total 103936K, used 57490K [0x00000000e0000000, 0x00000000e6580000, 0x00000000f5580000)
  object space 103936K, 55% used [0x00000000e0000000,0x00000000e3824840,0x00000000e6580000)
 Metaspace       used 82934K, capacity 89156K, committed 89432K, reserved 1126400K
  class space    used 9817K, capacity 11807K, committed 11904K, reserved 1048576K
Event: 271.161 GC heap after
Heap after GC invocations=29 (full 6):
 PSYoungGen      total 98304K, used 352K [0x00000000f5580000, 0x0000000100000000, 0x0000000100000000)
  eden space 97792K, 0% used [0x00000000f5580000,0x00000000f5580000,0x00000000fb500000)
  from space 512K, 68% used [0x00000000fb500000,0x00000000fb558000,0x00000000fb580000)
  to   space 38912K, 0% used [0x00000000fda00000,0x00000000fda00000,0x0000000100000000)
 ParOldGen       total 103936K, used 57490K [0x00000000e0000000, 0x00000000e6580000, 0x00000000f5580000)
  object space 103936K, 55% used [0x00000000e0000000,0x00000000e3824840,0x00000000e6580000)
 Metaspace       used 82934K, capacity 89156K, committed 89432K, reserved 1126400K
  class space    used 9817K, capacity 11807K, committed 11904K, reserved 1048576K
}
Event: 271.161 GC heap before
{Heap before GC invocations=30 (full 7):
 PSYoungGen      total 98304K, used 352K [0x00000000f5580000, 0x0000000100000000, 0x0000000100000000)
  eden space 97792K, 0% used [0x00000000f5580000,0x00000000f5580000,0x00000000fb500000)
  from space 512K, 68% used [0x00000000fb500000,0x00000000fb558000,0x00000000fb580000)
  to   space 38912K, 0% used [0x00000000fda00000,0x00000000fda00000,0x0000000100000000)
 ParOldGen       total 103936K, used 57490K [0x00000000e0000000, 0x00000000e6580000, 0x00000000f5580000)
  object space 103936K, 55% used [0x00000000e0000000,0x00000000e3824840,0x00000000e6580000)
 Metaspace       used 82934K, capacity 89156K, committed 89432K, reserved 1126400K
  class space    used 9817K, capacity 11807K, committed 11904K, reserved 1048576K
Event: 271.324 GC heap after
Heap after GC invocations=30 (full 7):
 PSYoungGen      total 98304K, used 0K [0x00000000f5580000, 0x0000000100000000, 0x0000000100000000)
  eden space 97792K, 0% used [0x00000000f5580000,0x00000000f5580000,0x00000000fb500000)
  from space 512K, 0% used [0x00000000fb500000,0x00000000fb500000,0x00000000fb580000)
  to   space 38912K, 0% used [0x00000000fda00000,0x00000000fda00000,0x0000000100000000)
 ParOldGen       total 103936K, used 57592K [0x00000000e0000000, 0x00000000e6580000, 0x00000000f5580000)
  object space 103936K, 55% used [0x00000000e0000000,0x00000000e383e368,0x00000000e6580000)
 Metaspace       used 82934K, capacity 89156K, committed 89432K, reserved 1126400K
  class space    used 9817K, capacity 11807K, committed 11904K, reserved 1048576K
}

