# JRE version: Java(TM) SE Runtime Environment (8.0_66-b18) (build 1.8.0_66-b18)
# Java VM: Java HotSpot(TM) 64-Bit Server VM (25.66-b18 mixed mode windows-amd64 compressed oops)
Heap:
 PSYoungGen      total 139776K, used 92477K [0x00000000f5580000, 0x0000000100000000, 0x0000000100000000)
  eden space 118272K, 60% used [0x00000000f5580000,0x00000000f9b08668,0x00000000fc900000)
  from space 21504K, 98% used [0x00000000fc900000,0x00000000fddc7118,0x00000000fde00000)
  to   space 29696K, 0% used [0x00000000fe300000,0x00000000fe300000,0x0000000100000000)
 ParOldGen       total 91136K, used 42511K [0x00000000e0000000, 0x00000000e5900000, 0x00000000f5580000)
  object space 91136K, 46% used [0x00000000e0000000,0x00000000e2983ef0,0x00000000e5900000)
 Metaspace       used 87022K, capacity 93772K, committed 94040K, reserved 1130496K
  class space    used 10528K, capacity 12588K, committed 12672K, reserved 1048576K
GC Heap History (10 events):
Event: 97.764 GC heap before
{Heap before GC invocations=15 (full 4):
 PSYoungGen      total 130560K, used 7803K [0x00000000f5580000, 0x00000000fef00000, 0x0000000100000000)
  eden space 108032K, 0% used [0x00000000f5580000,0x00000000f5580000,0x00000000fbf00000)
  from space 22528K, 34% used [0x00000000fbf00000,0x00000000fc69ee00,0x00000000fd500000)
  to   space 22016K, 0% used [0x00000000fd980000,0x00000000fd980000,0x00000000fef00000)
 ParOldGen       total 91136K, used 51566K [0x00000000e0000000, 0x00000000e5900000, 0x00000000f5580000)
  object space 91136K, 56% used [0x00000000e0000000,0x00000000e325b9d0,0x00000000e5900000)
 Metaspace       used 67698K, capacity 73824K, committed 73944K, reserved 1114112K
  class space    used 8188K, capacity 10162K, committed 10240K, reserved 1048576K
Event: 98.012 GC heap after
Heap after GC invocations=15 (full 4):
 PSYoungGen      total 130560K, used 0K [0x00000000f5580000, 0x00000000fef00000, 0x0000000100000000)
  eden space 108032K, 0% used [0x00000000f5580000,0x00000000f5580000,0x00000000fbf00000)
  from space 22528K, 0% used [0x00000000fbf00000,0x00000000fbf00000,0x00000000fd500000)
  to   space 22016K, 0% used [0x00000000fd980000,0x00000000fd980000,0x00000000fef00000)
 ParOldGen       total 91136K, used 42479K [0x00000000e0000000, 0x00000000e5900000, 0x00000000f5580000)
  object space 91136K, 46% used [0x00000000e0000000,0x00000000e297bef0,0x00000000e5900000)
 Metaspace       used 67698K, capacity 73824K, committed 73944K, reserved 1114112K
  class space    used 8188K, capacity 10162K, committed 10240K, reserved 1048576K
}
Event: 113.883 GC heap before
{Heap before GC invocations=16 (full 4):
 PSYoungGen      total 130560K, used 108032K [0x00000000f5580000, 0x00000000fef00000, 0x0000000100000000)
  eden space 108032K, 100% used [0x00000000f5580000,0x00000000fbf00000,0x00000000fbf00000)
  from space 22528K, 0% used [0x00000000fbf00000,0x00000000fbf00000,0x00000000fd500000)
  to   space 22016K, 0% used [0x00000000fd980000,0x00000000fd980000,0x00000000fef00000)
 ParOldGen       total 91136K, used 42479K [0x00000000e0000000, 0x00000000e5900000, 0x00000000f5580000)
  object space 91136K, 46% used [0x00000000e0000000,0x00000000e297bef0,0x00000000e5900000)
 Metaspace       used 80187K, capacity 86950K, committed 87128K, reserved 1124352K
  class space    used 9833K, capacity 11884K, committed 11904K, reserved 1048576K
Event: 113.904 GC heap after
Heap after GC invocations=16 (full 4):
 PSYoungGen      total 132096K, used 21309K [0x00000000f5580000, 0x00000000ffe00000, 0x0000000100000000)
  eden space 110080K, 0% used [0x00000000f5580000,0x00000000f5580000,0x00000000fc100000)
  from space 22016K, 96% used [0x00000000fd980000,0x00000000fee4f648,0x00000000fef00000)
  to   space 25088K, 0% used [0x00000000fc100000,0x00000000fc100000,0x00000000fd980000)
 ParOldGen       total 91136K, used 42487K [0x00000000e0000000, 0x00000000e5900000, 0x00000000f5580000)
  object space 91136K, 46% used [0x00000000e0000000,0x00000000e297def0,0x00000000e5900000)
 Metaspace       used 80187K, capacity 86950K, committed 87128K, reserved 1124352K
  class space    used 9833K, capacity 11884K, committed 11904K, reserved 1048576K
}
Event: 132.727 GC heap before
{Heap before GC invocations=17 (full 4):
 PSYoungGen      total 132096K, used 131389K [0x00000000f5580000, 0x00000000ffe00000, 0x0000000100000000)
  eden space 110080K, 100% used [0x00000000f5580000,0x00000000fc100000,0x00000000fc100000)
  from space 22016K, 96% used [0x00000000fd980000,0x00000000fee4f648,0x00000000fef00000)
  to   space 25088K, 0% used [0x00000000fc100000,0x00000000fc100000,0x00000000fd980000)
 ParOldGen       total 91136K, used 42487K [0x00000000e0000000, 0x00000000e5900000, 0x00000000f5580000)
  object space 91136K, 46% used [0x00000000e0000000,0x00000000e297def0,0x00000000e5900000)
 Metaspace       used 82318K, capacity 88916K, committed 89176K, reserved 1126400K
  class space    used 10076K, capacity 12109K, committed 12160K, reserved 1048576K
Event: 132.740 GC heap after
Heap after GC invocations=17 (full 4):
 PSYoungGen      total 135168K, used 18731K [0x00000000f5580000, 0x00000000fff80000, 0x0000000100000000)
  eden space 110080K, 0% used [0x00000000f5580000,0x00000000f5580000,0x00000000fc100000)
  from space 25088K, 74% used [0x00000000fc100000,0x00000000fd34ad28,0x00000000fd980000)
  to   space 26112K, 0% used [0x00000000fe600000,0x00000000fe600000,0x00000000fff80000)
 ParOldGen       total 91136K, used 42495K [0x00000000e0000000, 0x00000000e5900000, 0x00000000f5580000)
  object space 91136K, 46% used [0x00000000e0000000,0x00000000e297fef0,0x00000000e5900000)
 Metaspace       used 82318K, capacity 88916K, committed 89176K, reserved 1126400K
  class space    used 10076K, capacity 12109K, committed 12160K, reserved 1048576K
}
Event: 159.195 GC heap before
{Heap before GC invocations=18 (full 4):
 PSYoungGen      total 135168K, used 128811K [0x00000000f5580000, 0x00000000fff80000, 0x0000000100000000)
  eden space 110080K, 100% used [0x00000000f5580000,0x00000000fc100000,0x00000000fc100000)
  from space 25088K, 74% used [0x00000000fc100000,0x00000000fd34ad28,0x00000000fd980000)
  to   space 26112K, 0% used [0x00000000fe600000,0x00000000fe600000,0x00000000fff80000)
 ParOldGen       total 91136K, used 42495K [0x00000000e0000000, 0x00000000e5900000, 0x00000000f5580000)
  object space 91136K, 46% used [0x00000000e0000000,0x00000000e297fef0,0x00000000e5900000)
 Metaspace       used 84662K, capacity 91086K, committed 91224K, reserved 1128448K
  class space    used 10329K, capacity 12382K, committed 12416K, reserved 1048576K
Event: 159.213 GC heap after
Heap after GC invocations=18 (full 4):
 PSYoungGen      total 144384K, used 20845K [0x00000000f5580000, 0x0000000100000000, 0x0000000100000000)
  eden space 118272K, 0% used [0x00000000f5580000,0x00000000f5580000,0x00000000fc900000)
  from space 26112K, 79% used [0x00000000fe600000,0x00000000ffa5b618,0x00000000fff80000)
  to   space 28160K, 0% used [0x00000000fc900000,0x00000000fc900000,0x00000000fe480000)
 ParOldGen       total 91136K, used 42503K [0x00000000e0000000, 0x00000000e5900000, 0x00000000f5580000)
  object space 91136K, 46% used [0x00000000e0000000,0x00000000e2981ef0,0x00000000e5900000)
 Metaspace       used 84662K, capacity 91086K, committed 91224K, reserved 1128448K
  class space    used 10329K, capacity 12382K, committed 12416K, reserved 1048576K
}
Event: 193.748 GC heap before
{Heap before GC invocations=19 (full 4):
 PSYoungGen      total 144384K, used 139117K [0x00000000f5580000, 0x0000000100000000, 0x0000000100000000)
  eden space 118272K, 100% used [0x00000000f5580000,0x00000000fc900000,0x00000000fc900000)
  from space 26112K, 79% used [0x00000000fe600000,0x00000000ffa5b618,0x00000000fff80000)
  to   space 28160K, 0% used [0x00000000fc900000,0x00000000fc900000,0x00000000fe480000)
 ParOldGen       total 91136K, used 42503K [0x00000000e0000000, 0x00000000e5900000, 0x00000000f5580000)
  object space 91136K, 46% used [0x00000000e0000000,0x00000000e2981ef0,0x00000000e5900000)
 Metaspace       used 85946K, capacity 92614K, committed 92888K, reserved 1130496K
  class space    used 10433K, capacity 12486K, committed 12544K, reserved 1048576K
Event: 193.764 GC heap after
Heap after GC invocations=19 (full 4):
 PSYoungGen      total 139776K, used 21276K [0x00000000f5580000, 0x0000000100000000, 0x0000000100000000)
  eden space 118272K, 0% used [0x00000000f5580000,0x00000000f5580000,0x00000000fc900000)
  from space 21504K, 98% used [0x00000000fc900000,0x00000000fddc7118,0x00000000fde00000)
  to   space 29696K, 0% used [0x00000000fe300000,0x00000000fe300000,0x0000000100000000)
 ParOldGen       total 91136K, used 42511K [0x00000000e0000000, 0x00000000e5900000, 0x00000000f5580000)
  object space 91136K, 46% used [0x00000000e0000000,0x00000000e2983ef0,0x00000000e5900000)
 Metaspace       used 85946K, capacity 92614K, committed 92888K, reserved 1130496K
  class space    used 10433K, capacity 12486K, committed 12544K, reserved 1048576K
}

